<?xml version="1.0" encoding="UTF-8"?>
<!-- Generated by org.testng.reporters.JUnitXMLReporter -->
<testsuite hostname="Bharats-MacBook-Pro.local" ignored="7" name="Default test" tests="1" failures="0" timestamp="13 May 2019 13:01:37 GMT" time="38.749" errors="0">
  <testcase name="verifyCreatecompanyBtn_Test" time="3.206" classname="com.qa.hubspot.test.Contacts_CompaniesPage_Test"/>
  <testcase name="verifySearchInputTextBox_Test" time="0.0" classname="com.qa.hubspot.test.Contacts_CompaniesPage_Test">
    <ignored/>
  </testcase> <!-- verifySearchInputTextBox_Test -->
  <testcase name="verifyHomePageTitle_Test" time="0.0" classname="com.qa.hubspot.test.Contacts_CompaniesPage_Test">
    <ignored/>
  </testcase> <!-- verifyHomePageTitle_Test -->
  <testcase name="CreateComp_addRecord" time="0.0" classname="com.qa.hubspot.test.Contacts_CompaniesPage_Test">
    <ignored/>
  </testcase> <!-- CreateComp_addRecord -->
  <testcase name="verifyActionsButton_Test" time="0.0" classname="com.qa.hubspot.test.Contacts_CompaniesPage_Test">
    <ignored/>
  </testcase> <!-- verifyActionsButton_Test -->
  <testcase name="verifyImportBtn_Test" time="0.0" classname="com.qa.hubspot.test.Contacts_CompaniesPage_Test">
    <ignored/>
  </testcase> <!-- verifyImportBtn_Test -->
  <testcase name="verifyLoggedInAccountName_Test" time="0.0" classname="com.qa.hubspot.test.Contacts_CompaniesPage_Test">
    <ignored/>
  </testcase> <!-- verifyLoggedInAccountName_Test -->
  <testcase name="verifyHomePageHeader_Test" time="0.0" classname="com.qa.hubspot.test.Contacts_CompaniesPage_Test">
    <ignored/>
  </testcase> <!-- verifyHomePageHeader_Test -->
</testsuite> <!-- Default test -->
