<?xml version="1.0" encoding="UTF-8"?>
<!-- Generated by org.testng.reporters.JUnitXMLReporter -->
<testsuite hostname="Bharats-MacBook-Pro.local" ignored="8" tests="0" failures="0" timestamp="13 May 2019 06:11:33 GMT" time="0.005" errors="0">
  <testcase name="verifycreate_contact_btn_visibility" time="0.0" classname="com.qa.hubspot.test.Contacts_ContactPageTest">
    <ignored/>
  </testcase> <!-- verifycreate_contact_btn_visibility -->
  <testcase name="verifyContactsPageHeader" time="0.0" classname="com.qa.hubspot.test.Contacts_ContactPageTest">
    <ignored/>
  </testcase> <!-- verifyContactsPageHeader -->
  <testcase name="createContactsTest1" time="0.0" classname="com.qa.hubspot.test.Contacts_ContactPageTest">
    <ignored/>
  </testcase> <!-- createContactsTest1 -->
  <testcase name="verifyActionsBtn_visibility" time="0.0" classname="com.qa.hubspot.test.Contacts_ContactPageTest">
    <ignored/>
  </testcase> <!-- verifyActionsBtn_visibility -->
  <testcase name="createContactsTest" time="0.0" classname="com.qa.hubspot.test.Contacts_ContactPageTest">
    <ignored/>
  </testcase> <!-- createContactsTest -->
  <testcase name="verifyContactPageTile" time="0.0" classname="com.qa.hubspot.test.Contacts_ContactPageTest">
    <ignored/>
  </testcase> <!-- verifyContactPageTile -->
  <testcase name="verifyImport_btn_visibility" time="0.0" classname="com.qa.hubspot.test.Contacts_ContactPageTest">
    <ignored/>
  </testcase> <!-- verifyImport_btn_visibility -->
  <testcase name="verifysearchTxtBox_visibility" time="0.0" classname="com.qa.hubspot.test.Contacts_ContactPageTest">
    <ignored/>
  </testcase> <!-- verifysearchTxtBox_visibility -->
</testsuite>
