<?xml version="1.0" encoding="UTF-8"?>
<testng-results skipped="0" failed="2" ignored="0" total="3" passed="1">
  <reporter-output>
  </reporter-output>
  <suite name="Default suite" duration-ms="80461" started-at="2019-05-13T03:41:53Z" finished-at="2019-05-13T03:43:14Z">
    <groups>
    </groups>
    <test name="Default test" duration-ms="80461" started-at="2019-05-13T03:41:53Z" finished-at="2019-05-13T03:43:14Z">
      <class name="com.qa.hubspot.test.HomePageTest_dis">
        <test-method status="PASS" signature="setUp()[pri:0, instance:com.qa.hubspot.test.HomePageTest_dis@68c4039c]" name="setUp" is-config="true" duration-ms="24756" started-at="2019-05-13T09:11:53Z" finished-at="2019-05-13T09:12:18Z">
          <reporter-output>
          </reporter-output>
        </test-method> <!-- setUp -->
        <test-method status="PASS" signature="verifyHomePageTitleTest()[pri:1, instance:com.qa.hubspot.test.HomePageTest_dis@68c4039c]" name="verifyHomePageTitleTest" duration-ms="6019" started-at="2019-05-13T09:12:18Z" finished-at="2019-05-13T09:12:24Z">
          <reporter-output>
          </reporter-output>
        </test-method> <!-- verifyHomePageTitleTest -->
        <test-method status="PASS" signature="tearDown()[pri:0, instance:com.qa.hubspot.test.HomePageTest_dis@68c4039c]" name="tearDown" is-config="true" duration-ms="129" started-at="2019-05-13T09:12:24Z" finished-at="2019-05-13T09:12:24Z">
          <reporter-output>
          </reporter-output>
        </test-method> <!-- tearDown -->
        <test-method status="PASS" signature="setUp()[pri:0, instance:com.qa.hubspot.test.HomePageTest_dis@68c4039c]" name="setUp" is-config="true" duration-ms="25266" started-at="2019-05-13T09:12:24Z" finished-at="2019-05-13T09:12:50Z">
          <reporter-output>
          </reporter-output>
        </test-method> <!-- setUp -->
        <test-method status="FAIL" signature="verifyHomePageHeaderTest()[pri:2, instance:com.qa.hubspot.test.HomePageTest_dis@68c4039c]" name="verifyHomePageHeaderTest" duration-ms="61" started-at="2019-05-13T09:12:50Z" finished-at="2019-05-13T09:12:50Z">
          <exception class="java.lang.NullPointerException">
            <full-stacktrace>
              <![CDATA[java.lang.NullPointerException
	at com.qa.hubspot.util.JavaScriptUtil.changeColor(JavaScriptUtil.java:32)
	at com.qa.hubspot.util.JavaScriptUtil.flash(JavaScriptUtil.java:25)
	at com.qa.hubspot.util.ElementActions.HighlightWebElement(ElementActions.java:125)
	at com.qa.hubspot.util.ElementActions.getWebElement(ElementActions.java:26)
	at com.qa.hubspot.pages.HomePage_dis.getHomePageHeaderValue(HomePage_dis.java:124)
	at com.qa.hubspot.test.HomePageTest_dis.verifyHomePageHeaderTest(HomePageTest_dis.java:53)
	at sun.reflect.NativeMethodAccessorImpl.invoke0(Native Method)
	at sun.reflect.NativeMethodAccessorImpl.invoke(NativeMethodAccessorImpl.java:62)
	at sun.reflect.DelegatingMethodAccessorImpl.invoke(DelegatingMethodAccessorImpl.java:43)
	at java.lang.reflect.Method.invoke(Method.java:498)
	at org.testng.internal.MethodInvocationHelper.invokeMethod(MethodInvocationHelper.java:108)
	at org.testng.internal.Invoker.invokeMethod(Invoker.java:661)
	at org.testng.internal.Invoker.invokeTestMethod(Invoker.java:869)
	at org.testng.internal.Invoker.invokeTestMethods(Invoker.java:1193)
	at org.testng.internal.TestMethodWorker.invokeTestMethods(TestMethodWorker.java:126)
	at org.testng.internal.TestMethodWorker.run(TestMethodWorker.java:109)
	at org.testng.TestRunner.privateRun(TestRunner.java:744)
	at org.testng.TestRunner.run(TestRunner.java:602)
	at org.testng.SuiteRunner.runTest(SuiteRunner.java:380)
	at org.testng.SuiteRunner.runSequentially(SuiteRunner.java:375)
	at org.testng.SuiteRunner.privateRun(SuiteRunner.java:340)
	at org.testng.SuiteRunner.run(SuiteRunner.java:289)
	at org.testng.SuiteRunnerWorker.runSuite(SuiteRunnerWorker.java:52)
	at org.testng.SuiteRunnerWorker.run(SuiteRunnerWorker.java:86)
	at org.testng.TestNG.runSuitesSequentially(TestNG.java:1301)
	at org.testng.TestNG.runSuitesLocally(TestNG.java:1226)
	at org.testng.TestNG.runSuites(TestNG.java:1144)
	at org.testng.TestNG.run(TestNG.java:1115)
	at org.testng.remote.AbstractRemoteTestNG.run(AbstractRemoteTestNG.java:115)
	at org.testng.remote.RemoteTestNG.initAndRun(RemoteTestNG.java:251)
	at org.testng.remote.RemoteTestNG.main(RemoteTestNG.java:77)
]]>
            </full-stacktrace>
          </exception> <!-- java.lang.NullPointerException -->
          <reporter-output>
          </reporter-output>
        </test-method> <!-- verifyHomePageHeaderTest -->
        <test-method status="PASS" signature="tearDown()[pri:0, instance:com.qa.hubspot.test.HomePageTest_dis@68c4039c]" name="tearDown" is-config="true" duration-ms="126" started-at="2019-05-13T09:12:50Z" finished-at="2019-05-13T09:12:50Z">
          <reporter-output>
          </reporter-output>
        </test-method> <!-- tearDown -->
        <test-method status="PASS" signature="setUp()[pri:0, instance:com.qa.hubspot.test.HomePageTest_dis@68c4039c]" name="setUp" is-config="true" duration-ms="23626" started-at="2019-05-13T09:12:50Z" finished-at="2019-05-13T09:13:13Z">
          <reporter-output>
          </reporter-output>
        </test-method> <!-- setUp -->
        <test-method status="FAIL" signature="verifyLoggedInAccountNameTest()[pri:3, instance:com.qa.hubspot.test.HomePageTest_dis@68c4039c]" name="verifyLoggedInAccountNameTest" duration-ms="338" started-at="2019-05-13T09:13:13Z" finished-at="2019-05-13T09:13:14Z">
          <exception class="java.lang.NullPointerException">
            <full-stacktrace>
              <![CDATA[java.lang.NullPointerException
	at com.qa.hubspot.util.JavaScriptUtil.changeColor(JavaScriptUtil.java:32)
	at com.qa.hubspot.util.JavaScriptUtil.flash(JavaScriptUtil.java:25)
	at com.qa.hubspot.util.ElementActions.HighlightWebElement(ElementActions.java:125)
	at com.qa.hubspot.util.ElementActions.getWebElement(ElementActions.java:26)
	at com.qa.hubspot.pages.HomePage_dis.getLoggedInAccountName(HomePage_dis.java:130)
	at com.qa.hubspot.test.HomePageTest_dis.verifyLoggedInAccountNameTest(HomePageTest_dis.java:60)
	at sun.reflect.NativeMethodAccessorImpl.invoke0(Native Method)
	at sun.reflect.NativeMethodAccessorImpl.invoke(NativeMethodAccessorImpl.java:62)
	at sun.reflect.DelegatingMethodAccessorImpl.invoke(DelegatingMethodAccessorImpl.java:43)
	at java.lang.reflect.Method.invoke(Method.java:498)
	at org.testng.internal.MethodInvocationHelper.invokeMethod(MethodInvocationHelper.java:108)
	at org.testng.internal.Invoker.invokeMethod(Invoker.java:661)
	at org.testng.internal.Invoker.invokeTestMethod(Invoker.java:869)
	at org.testng.internal.Invoker.invokeTestMethods(Invoker.java:1193)
	at org.testng.internal.TestMethodWorker.invokeTestMethods(TestMethodWorker.java:126)
	at org.testng.internal.TestMethodWorker.run(TestMethodWorker.java:109)
	at org.testng.TestRunner.privateRun(TestRunner.java:744)
	at org.testng.TestRunner.run(TestRunner.java:602)
	at org.testng.SuiteRunner.runTest(SuiteRunner.java:380)
	at org.testng.SuiteRunner.runSequentially(SuiteRunner.java:375)
	at org.testng.SuiteRunner.privateRun(SuiteRunner.java:340)
	at org.testng.SuiteRunner.run(SuiteRunner.java:289)
	at org.testng.SuiteRunnerWorker.runSuite(SuiteRunnerWorker.java:52)
	at org.testng.SuiteRunnerWorker.run(SuiteRunnerWorker.java:86)
	at org.testng.TestNG.runSuitesSequentially(TestNG.java:1301)
	at org.testng.TestNG.runSuitesLocally(TestNG.java:1226)
	at org.testng.TestNG.runSuites(TestNG.java:1144)
	at org.testng.TestNG.run(TestNG.java:1115)
	at org.testng.remote.AbstractRemoteTestNG.run(AbstractRemoteTestNG.java:115)
	at org.testng.remote.RemoteTestNG.initAndRun(RemoteTestNG.java:251)
	at org.testng.remote.RemoteTestNG.main(RemoteTestNG.java:77)
]]>
            </full-stacktrace>
          </exception> <!-- java.lang.NullPointerException -->
          <reporter-output>
          </reporter-output>
        </test-method> <!-- verifyLoggedInAccountNameTest -->
        <test-method status="PASS" signature="tearDown()[pri:0, instance:com.qa.hubspot.test.HomePageTest_dis@68c4039c]" name="tearDown" is-config="true" duration-ms="111" started-at="2019-05-13T09:13:14Z" finished-at="2019-05-13T09:13:14Z">
          <reporter-output>
          </reporter-output>
        </test-method> <!-- tearDown -->
      </class> <!-- com.qa.hubspot.test.HomePageTest_dis -->
    </test> <!-- Default test -->
  </suite> <!-- Default suite -->
</testng-results>
